  DeckOfCards.cpp
C:\Users\Miriam\Desktop\GitHub\SoftwareEngineering\Projekt\PokerLibrary\CardAndSymbols.h(11,80): error C2365: "none": Erneute Definition; vorherige Definition war "Enumerator".
C:\Users\Miriam\Desktop\GitHub\SoftwareEngineering\Projekt\PokerLibrary\CardAndSymbols.h(7): message : Siehe Deklaration von "none"
C:\Users\Miriam\Desktop\GitHub\SoftwareEngineering\Projekt\PokerLibrary\DeckOfCards.cpp(3,26): warning C4244: "Argument": Konvertierung von "time_t" in "unsigned int", möglicher Datenverlust
  GameController.cpp
C:\Users\Miriam\Desktop\GitHub\SoftwareEngineering\Projekt\PokerLibrary\CardAndSymbols.h(11,80): error C2365: "none": Erneute Definition; vorherige Definition war "Enumerator".
C:\Users\Miriam\Desktop\GitHub\SoftwareEngineering\Projekt\PokerLibrary\CardAndSymbols.h(7): message : Siehe Deklaration von "none"
  HumanPlayer.cpp
  Rules.cpp
C:\Users\Miriam\Desktop\GitHub\SoftwareEngineering\Projekt\PokerLibrary\CardAndSymbols.h(11,80): error C2365: "none": Erneute Definition; vorherige Definition war "Enumerator".
C:\Users\Miriam\Desktop\GitHub\SoftwareEngineering\Projekt\PokerLibrary\CardAndSymbols.h(7): message : Siehe Deklaration von "none"
C:\Users\Miriam\Desktop\GitHub\SoftwareEngineering\Projekt\PokerLibrary\Rules.h(7,10): error C4430: Fehlender Typspezifizierer - int wird angenommen. Hinweis: "default-int" wird von C++ nicht unterstützt.
C:\Users\Miriam\Desktop\GitHub\SoftwareEngineering\Projekt\PokerLibrary\Rules.h(7,10): warning C4183: "Rueles": Rückgabetyp fehlt; Memberfunktion, die "int" zurückgibt wird angenommen
C:\Users\Miriam\Desktop\GitHub\SoftwareEngineering\Projekt\PokerLibrary\Rules.h(10,24): error C2065: "CardAndSymbols": nichtdeklarierter Bezeichner
C:\Users\Miriam\Desktop\GitHub\SoftwareEngineering\Projekt\PokerLibrary\Rules.h(10,18): error C2923: "std::array": "CardAndSymbols" ist kein gültiges Vorlage-Typargument für den _Ty-Parameter.
C:\Users\Miriam\Desktop\GitHub\SoftwareEngineering\Projekt\PokerLibrary\Rules.h(10,70): error C2065: "CardsAndSymbols": nichtdeklarierter Bezeichner
C:\Users\Miriam\Desktop\GitHub\SoftwareEngineering\Projekt\PokerLibrary\Rules.h(10,64): error C2923: "std::array": "CardsAndSymbols" ist kein gültiges Vorlage-Typargument für den _Ty-Parameter.
C:\Users\Miriam\Desktop\GitHub\SoftwareEngineering\Projekt\PokerLibrary\Rules.cpp(11,22): error C2664: "char *strcpy(char *,const char *)" : Konvertierung von Argument 1 von "std::string" in "char *" nicht möglich
C:\Users\Miriam\Desktop\GitHub\SoftwareEngineering\Projekt\PokerLibrary\Rules.cpp(11,10): message : Kein benutzerdefinierter Konvertierungsoperator verfügbar, der diese Konvertierung durchführen kann, oder der Operator kann nicht aufgerufen werden
C:\Program Files (x86)\Windows Kits\10\Include\10.0.18362.0\ucrt\string.h(133,1): message : Siehe Deklaration von "strcpy"
C:\Users\Miriam\Desktop\GitHub\SoftwareEngineering\Projekt\PokerLibrary\Rules.cpp(15,24): error C2664: "char *strcpy(char *,const char *)" : Konvertierung von Argument 1 von "std::string" in "char *" nicht möglich
C:\Users\Miriam\Desktop\GitHub\SoftwareEngineering\Projekt\PokerLibrary\Rules.cpp(15,10): message : Kein benutzerdefinierter Konvertierungsoperator verfügbar, der diese Konvertierung durchführen kann, oder der Operator kann nicht aufgerufen werden
C:\Program Files (x86)\Windows Kits\10\Include\10.0.18362.0\ucrt\string.h(133,1): message : Siehe Deklaration von "strcpy"
C:\Users\Miriam\Desktop\GitHub\SoftwareEngineering\Projekt\PokerLibrary\Rules.cpp(19,23): error C2664: "char *strcpy(char *,const char *)" : Konvertierung von Argument 1 von "std::string" in "char *" nicht möglich
C:\Users\Miriam\Desktop\GitHub\SoftwareEngineering\Projekt\PokerLibrary\Rules.cpp(19,10): message : Kein benutzerdefinierter Konvertierungsoperator verfügbar, der diese Konvertierung durchführen kann, oder der Operator kann nicht aufgerufen werden
C:\Program Files (x86)\Windows Kits\10\Include\10.0.18362.0\ucrt\string.h(133,1): message : Siehe Deklaration von "strcpy"
C:\Users\Miriam\Desktop\GitHub\SoftwareEngineering\Projekt\PokerLibrary\Rules.cpp(23,23): error C2664: "char *strcpy(char *,const char *)" : Konvertierung von Argument 1 von "std::string" in "char *" nicht möglich
C:\Users\Miriam\Desktop\GitHub\SoftwareEngineering\Projekt\PokerLibrary\Rules.cpp(23,10): message : Kein benutzerdefinierter Konvertierungsoperator verfügbar, der diese Konvertierung durchführen kann, oder der Operator kann nicht aufgerufen werden
C:\Program Files (x86)\Windows Kits\10\Include\10.0.18362.0\ucrt\string.h(133,1): message : Siehe Deklaration von "strcpy"
C:\Users\Miriam\Desktop\GitHub\SoftwareEngineering\Projekt\PokerLibrary\Rules.cpp(27,22): error C2664: "char *strcpy(char *,const char *)" : Konvertierung von Argument 1 von "std::string" in "char *" nicht möglich
C:\Users\Miriam\Desktop\GitHub\SoftwareEngineering\Projekt\PokerLibrary\Rules.cpp(27,10): message : Kein benutzerdefinierter Konvertierungsoperator verfügbar, der diese Konvertierung durchführen kann, oder der Operator kann nicht aufgerufen werden
C:\Program Files (x86)\Windows Kits\10\Include\10.0.18362.0\ucrt\string.h(133,1): message : Siehe Deklaration von "strcpy"
C:\Users\Miriam\Desktop\GitHub\SoftwareEngineering\Projekt\PokerLibrary\Rules.cpp(31,24): error C2664: "char *strcpy(char *,const char *)" : Konvertierung von Argument 1 von "std::string" in "char *" nicht möglich
C:\Users\Miriam\Desktop\GitHub\SoftwareEngineering\Projekt\PokerLibrary\Rules.cpp(31,10): message : Kein benutzerdefinierter Konvertierungsoperator verfügbar, der diese Konvertierung durchführen kann, oder der Operator kann nicht aufgerufen werden
C:\Program Files (x86)\Windows Kits\10\Include\10.0.18362.0\ucrt\string.h(133,1): message : Siehe Deklaration von "strcpy"
C:\Users\Miriam\Desktop\GitHub\SoftwareEngineering\Projekt\PokerLibrary\Rules.cpp(35,24): error C2664: "char *strcpy(char *,const char *)" : Konvertierung von Argument 1 von "std::string" in "char *" nicht möglich
C:\Users\Miriam\Desktop\GitHub\SoftwareEngineering\Projekt\PokerLibrary\Rules.cpp(35,10): message : Kein benutzerdefinierter Konvertierungsoperator verfügbar, der diese Konvertierung durchführen kann, oder der Operator kann nicht aufgerufen werden
C:\Program Files (x86)\Windows Kits\10\Include\10.0.18362.0\ucrt\string.h(133,1): message : Siehe Deklaration von "strcpy"
C:\Users\Miriam\Desktop\GitHub\SoftwareEngineering\Projekt\PokerLibrary\Rules.cpp(39,23): error C2664: "char *strcpy(char *,const char *)" : Konvertierung von Argument 1 von "std::string" in "char *" nicht möglich
C:\Users\Miriam\Desktop\GitHub\SoftwareEngineering\Projekt\PokerLibrary\Rules.cpp(39,10): message : Kein benutzerdefinierter Konvertierungsoperator verfügbar, der diese Konvertierung durchführen kann, oder der Operator kann nicht aufgerufen werden
C:\Program Files (x86)\Windows Kits\10\Include\10.0.18362.0\ucrt\string.h(133,1): message : Siehe Deklaration von "strcpy"
C:\Users\Miriam\Desktop\GitHub\SoftwareEngineering\Projekt\PokerLibrary\Rules.cpp(43,22): error C2664: "char *strcpy(char *,const char *)" : Konvertierung von Argument 1 von "std::string" in "char *" nicht möglich
C:\Users\Miriam\Desktop\GitHub\SoftwareEngineering\Projekt\PokerLibrary\Rules.cpp(43,10): message : Kein benutzerdefinierter Konvertierungsoperator verfügbar, der diese Konvertierung durchführen kann, oder der Operator kann nicht aufgerufen werden
C:\Program Files (x86)\Windows Kits\10\Include\10.0.18362.0\ucrt\string.h(133,1): message : Siehe Deklaration von "strcpy"
C:\Users\Miriam\Desktop\GitHub\SoftwareEngineering\Projekt\PokerLibrary\Rules.cpp(47,23): error C2664: "char *strcpy(char *,const char *)" : Konvertierung von Argument 1 von "std::string" in "char *" nicht möglich
C:\Users\Miriam\Desktop\GitHub\SoftwareEngineering\Projekt\PokerLibrary\Rules.cpp(47,10): message : Kein benutzerdefinierter Konvertierungsoperator verfügbar, der diese Konvertierung durchführen kann, oder der Operator kann nicht aufgerufen werden
C:\Program Files (x86)\Windows Kits\10\Include\10.0.18362.0\ucrt\string.h(133,1): message : Siehe Deklaration von "strcpy"
C:\Users\Miriam\Desktop\GitHub\SoftwareEngineering\Projekt\PokerLibrary\Rules.cpp(51,24): error C2664: "char *strcpy(char *,const char *)" : Konvertierung von Argument 1 von "std::string" in "char *" nicht möglich
C:\Users\Miriam\Desktop\GitHub\SoftwareEngineering\Projekt\PokerLibrary\Rules.cpp(51,10): message : Kein benutzerdefinierter Konvertierungsoperator verfügbar, der diese Konvertierung durchführen kann, oder der Operator kann nicht aufgerufen werden
C:\Program Files (x86)\Windows Kits\10\Include\10.0.18362.0\ucrt\string.h(133,1): message : Siehe Deklaration von "strcpy"
C:\Users\Miriam\Desktop\GitHub\SoftwareEngineering\Projekt\PokerLibrary\Rules.cpp(55,23): error C2664: "char *strcpy(char *,const char *)" : Konvertierung von Argument 1 von "std::string" in "char *" nicht möglich
C:\Users\Miriam\Desktop\GitHub\SoftwareEngineering\Projekt\PokerLibrary\Rules.cpp(55,10): message : Kein benutzerdefinierter Konvertierungsoperator verfügbar, der diese Konvertierung durchführen kann, oder der Operator kann nicht aufgerufen werden
C:\Program Files (x86)\Windows Kits\10\Include\10.0.18362.0\ucrt\string.h(133,1): message : Siehe Deklaration von "strcpy"
C:\Users\Miriam\Desktop\GitHub\SoftwareEngineering\Projekt\PokerLibrary\Rules.cpp(59,22): error C2664: "char *strcpy(char *,const char *)" : Konvertierung von Argument 1 von "std::string" in "char *" nicht möglich
C:\Users\Miriam\Desktop\GitHub\SoftwareEngineering\Projekt\PokerLibrary\Rules.cpp(59,10): message : Kein benutzerdefinierter Konvertierungsoperator verfügbar, der diese Konvertierung durchführen kann, oder der Operator kann nicht aufgerufen werden
C:\Program Files (x86)\Windows Kits\10\Include\10.0.18362.0\ucrt\string.h(133,1): message : Siehe Deklaration von "strcpy"
C:\Users\Miriam\Desktop\GitHub\SoftwareEngineering\Projekt\PokerLibrary\Rules.cpp(64,28): error C2065: "CardAndSymbols": nichtdeklarierter Bezeichner
C:\Users\Miriam\Desktop\GitHub\SoftwareEngineering\Projekt\PokerLibrary\Rules.cpp(64,22): error C2923: "std::array": "CardAndSymbols" ist kein gültiges Vorlage-Typargument für den _Ty-Parameter.
C:\Users\Miriam\Desktop\GitHub\SoftwareEngineering\Projekt\PokerLibrary\Rules.cpp(64,74): error C2065: "CardsAndSymbols": nichtdeklarierter Bezeichner
C:\Users\Miriam\Desktop\GitHub\SoftwareEngineering\Projekt\PokerLibrary\Rules.cpp(64,68): error C2923: "std::array": "CardsAndSymbols" ist kein gültiges Vorlage-Typargument für den _Ty-Parameter.
C:\Users\Miriam\Desktop\GitHub\SoftwareEngineering\Projekt\PokerLibrary\Rules.cpp(68,30): error C2664: "char *strcpy(char *,const char *)" : Konvertierung von Argument 1 von "std::string" in "char *" nicht möglich
C:\Users\Miriam\Desktop\GitHub\SoftwareEngineering\Projekt\PokerLibrary\Rules.cpp(68,9): message : Kein benutzerdefinierter Konvertierungsoperator verfügbar, der diese Konvertierung durchführen kann, oder der Operator kann nicht aufgerufen werden
C:\Program Files (x86)\Windows Kits\10\Include\10.0.18362.0\ucrt\string.h(133,1): message : Siehe Deklaration von "strcpy"
C:\Users\Miriam\Desktop\GitHub\SoftwareEngineering\Projekt\PokerLibrary\Rules.cpp(81,2): error C2059: Syntaxfehler: "}"
C:\Users\Miriam\Desktop\GitHub\SoftwareEngineering\Projekt\PokerLibrary\Rules.cpp(97,1): error C2059: Syntaxfehler: "}"
C:\Users\Miriam\Desktop\GitHub\SoftwareEngineering\Projekt\PokerLibrary\Rules.cpp(71,6): error C2678: Binärer Operator "[": Es konnte kein Operator gefunden werden, der einen linksseitigen Operanden vom Typ "std::array" akzeptiert (oder keine geeignete Konvertierung möglich)
C:\Program Files (x86)\Microsoft Visual Studio\2019\Community\VC\Tools\MSVC\14.27.29110\include\array(548,42): message : kann "const _Ty &std::array<_Ty,_Size>::operator [](std::array<_Ty,_Size>::size_type) noexcept const" sein
C:\Program Files (x86)\Microsoft Visual Studio\2019\Community\VC\Tools\MSVC\14.27.29110\include\array(540,39): message : oder "_Ty &std::array<_Ty,_Size>::operator [](std::array<_Ty,_Size>::size_type) noexcept"
C:\Users\Miriam\Desktop\GitHub\SoftwareEngineering\Projekt\PokerLibrary\Rules.cpp(71,6): message : bei Anpassung der Argumentliste "(std::array, int)"
C:\Users\Miriam\Desktop\GitHub\SoftwareEngineering\Projekt\PokerLibrary\Rules.cpp(71,72): error C2088: "[": Ungültig für class
C:\Users\Miriam\Desktop\GitHub\SoftwareEngineering\Projekt\PokerLibrary\Rules.cpp(73,12): error C2059: Syntaxfehler: ";"
C:\Users\Miriam\Desktop\GitHub\SoftwareEngineering\Projekt\PokerLibrary\Rules.cpp(79,12): error C3861: "CheckSymbol": Bezeichner wurde nicht gefunden.
C:\Users\Miriam\Desktop\GitHub\SoftwareEngineering\Projekt\PokerLibrary\Rules.cpp(82,2): error C2059: Syntaxfehler: "for"
C:\Users\Miriam\Desktop\GitHub\SoftwareEngineering\Projekt\PokerLibrary\Rules.cpp(82,1): error C2143: Syntaxfehler: Es fehlt ")" vor ";"
C:\Users\Miriam\Desktop\GitHub\SoftwareEngineering\Projekt\PokerLibrary\Rules.cpp(82,20): error C2143: Syntaxfehler: Es fehlt ";" vor "<"
C:\Users\Miriam\Desktop\GitHub\SoftwareEngineering\Projekt\PokerLibrary\Rules.cpp(82,1): error C4430: Fehlender Typspezifizierer - int wird angenommen. Hinweis: "default-int" wird von C++ nicht unterstützt.
C:\Users\Miriam\Desktop\GitHub\SoftwareEngineering\Projekt\PokerLibrary\Rules.cpp(82,26): error C2143: Syntaxfehler: Es fehlt ";" vor "++"
C:\Users\Miriam\Desktop\GitHub\SoftwareEngineering\Projekt\PokerLibrary\Rules.cpp(82,25): error C2086: "int j": Neudefinition
C:\Users\Miriam\Desktop\GitHub\SoftwareEngineering\Projekt\PokerLibrary\Rules.cpp(82): message : Siehe Deklaration von "j"
C:\Users\Miriam\Desktop\GitHub\SoftwareEngineering\Projekt\PokerLibrary\Rules.cpp(82,1): error C2059: Syntaxfehler: ")"
C:\Users\Miriam\Desktop\GitHub\SoftwareEngineering\Projekt\PokerLibrary\Rules.cpp(83,1): error C2143: Syntaxfehler: Es fehlt ";" vor "{"
C:\Users\Miriam\Desktop\GitHub\SoftwareEngineering\Projekt\PokerLibrary\Rules.cpp(83,1): error C2447: "{": Funktionsheader fehlt - Parameterliste im alten Stil?
C:\Users\Miriam\Desktop\GitHub\SoftwareEngineering\Projekt\PokerLibrary\Rules.cpp(95,2): error C2059: Syntaxfehler: "return"
C:\Users\Miriam\Desktop\GitHub\SoftwareEngineering\Projekt\PokerLibrary\Rules.cpp(97,1): error C2059: Syntaxfehler: ")"
C:\Users\Miriam\Desktop\GitHub\SoftwareEngineering\Projekt\PokerLibrary\Rules.cpp(99,28): error C2065: "CardAndSymbols": nichtdeklarierter Bezeichner
C:\Users\Miriam\Desktop\GitHub\SoftwareEngineering\Projekt\PokerLibrary\Rules.cpp(99,22): error C2923: "std::array": "CardAndSymbols" ist kein gültiges Vorlage-Typargument für den _Ty-Parameter.
C:\Users\Miriam\Desktop\GitHub\SoftwareEngineering\Projekt\PokerLibrary\Rules.cpp(99,74): error C2065: "CardsAndSymbols": nichtdeklarierter Bezeichner
C:\Users\Miriam\Desktop\GitHub\SoftwareEngineering\Projekt\PokerLibrary\Rules.cpp(99,68): error C2923: "std::array": "CardsAndSymbols" ist kein gültiges Vorlage-Typargument für den _Ty-Parameter.
C:\Users\Miriam\Desktop\GitHub\SoftwareEngineering\Projekt\PokerLibrary\Rules.cpp(105,1): error C2678: Binärer Operator "[": Es konnte kein Operator gefunden werden, der einen linksseitigen Operanden vom Typ "std::array" akzeptiert (oder keine geeignete Konvertierung möglich)
C:\Program Files (x86)\Microsoft Visual Studio\2019\Community\VC\Tools\MSVC\14.27.29110\include\array(548,42): message : kann "const _Ty &std::array<_Ty,_Size>::operator [](std::array<_Ty,_Size>::size_type) noexcept const" sein
C:\Program Files (x86)\Microsoft Visual Studio\2019\Community\VC\Tools\MSVC\14.27.29110\include\array(540,39): message : oder "_Ty &std::array<_Ty,_Size>::operator [](std::array<_Ty,_Size>::size_type) noexcept"
C:\Users\Miriam\Desktop\GitHub\SoftwareEngineering\Projekt\PokerLibrary\Rules.cpp(105,1): message : bei Anpassung der Argumentliste "(std::array, int)"
C:\Users\Miriam\Desktop\GitHub\SoftwareEngineering\Projekt\PokerLibrary\Rules.cpp(112,1): error C2678: Binärer Operator "[": Es konnte kein Operator gefunden werden, der einen linksseitigen Operanden vom Typ "std::array" akzeptiert (oder keine geeignete Konvertierung möglich)
C:\Program Files (x86)\Microsoft Visual Studio\2019\Community\VC\Tools\MSVC\14.27.29110\include\array(548,42): message : kann "const _Ty &std::array<_Ty,_Size>::operator [](std::array<_Ty,_Size>::size_type) noexcept const" sein
C:\Program Files (x86)\Microsoft Visual Studio\2019\Community\VC\Tools\MSVC\14.27.29110\include\array(540,39): message : oder "_Ty &std::array<_Ty,_Size>::operator [](std::array<_Ty,_Size>::size_type) noexcept"
C:\Users\Miriam\Desktop\GitHub\SoftwareEngineering\Projekt\PokerLibrary\Rules.cpp(112,1): message : bei Anpassung der Argumentliste "(std::array, int)"
C:\Users\Miriam\Desktop\GitHub\SoftwareEngineering\Projekt\PokerLibrary\Rules.cpp(120,1): error C2664: "bool CheckFlush(std::array,std::array,int,std::string)" : Konvertierung von Argument 1 von "std::array" in "std::array" nicht möglich
C:\Users\Miriam\Desktop\GitHub\SoftwareEngineering\Projekt\PokerLibrary\Rules.cpp(120,24): message : Der Zieltyp besitzt keinen Konstruktor
C:\Users\Miriam\Desktop\GitHub\SoftwareEngineering\Projekt\PokerLibrary\Rules.cpp(64,6): message : Siehe Deklaration von "CheckFlush"
C:\Users\Miriam\Desktop\GitHub\SoftwareEngineering\Projekt\PokerLibrary\Rules.cpp(136,25): error C2065: "CardAndSymbols": nichtdeklarierter Bezeichner
C:\Users\Miriam\Desktop\GitHub\SoftwareEngineering\Projekt\PokerLibrary\Rules.cpp(136,19): error C2923: "std::array": "CardAndSymbols" ist kein gültiges Vorlage-Typargument für den _Ty-Parameter.
C:\Users\Miriam\Desktop\GitHub\SoftwareEngineering\Projekt\PokerLibrary\Rules.cpp(136,71): error C2065: "CardsAndSymbols": nichtdeklarierter Bezeichner
C:\Users\Miriam\Desktop\GitHub\SoftwareEngineering\Projekt\PokerLibrary\Rules.cpp(136,65): error C2923: "std::array": "CardsAndSymbols" ist kein gültiges Vorlage-Typargument für den _Ty-Parameter.
C:\Users\Miriam\Desktop\GitHub\SoftwareEngineering\Projekt\PokerLibrary\Rules.cpp(144,1): error C2664: "char *strcpy(char *,const char *)" : Konvertierung von Argument 1 von "std::string" in "char *" nicht möglich
C:\Users\Miriam\Desktop\GitHub\SoftwareEngineering\Projekt\PokerLibrary\Rules.cpp(144,11): message : Kein benutzerdefinierter Konvertierungsoperator verfügbar, der diese Konvertierung durchführen kann, oder der Operator kann nicht aufgerufen werden
C:\Program Files (x86)\Windows Kits\10\Include\10.0.18362.0\ucrt\string.h(133,1): message : Siehe Deklaration von "strcpy"
C:\Users\Miriam\Desktop\GitHub\SoftwareEngineering\Projekt\PokerLibrary\Rules.cpp(148,1): error C2664: "char *strcpy(char *,const char *)" : Konvertierung von Argument 1 von "std::string" in "char *" nicht möglich
C:\Users\Miriam\Desktop\GitHub\SoftwareEngineering\Projekt\PokerLibrary\Rules.cpp(148,11): message : Kein benutzerdefinierter Konvertierungsoperator verfügbar, der diese Konvertierung durchführen kann, oder der Operator kann nicht aufgerufen werden
C:\Program Files (x86)\Windows Kits\10\Include\10.0.18362.0\ucrt\string.h(133,1): message : Siehe Deklaration von "strcpy"
C:\Users\Miriam\Desktop\GitHub\SoftwareEngineering\Projekt\PokerLibrary\Rules.cpp(152,1): error C2664: "char *strcpy(char *,const char *)" : Konvertierung von Argument 1 von "std::string" in "char *" nicht möglich
C:\Users\Miriam\Desktop\GitHub\SoftwareEngineering\Projekt\PokerLibrary\Rules.cpp(152,11): message : Kein benutzerdefinierter Konvertierungsoperator verfügbar, der diese Konvertierung durchführen kann, oder der Operator kann nicht aufgerufen werden
C:\Program Files (x86)\Windows Kits\10\Include\10.0.18362.0\ucrt\string.h(133,1): message : Siehe Deklaration von "strcpy"
C:\Users\Miriam\Desktop\GitHub\SoftwareEngineering\Projekt\PokerLibrary\Rules.cpp(156,1): error C2664: "char *strcpy(char *,const char *)" : Konvertierung von Argument 1 von "std::string" in "char *" nicht möglich
C:\Users\Miriam\Desktop\GitHub\SoftwareEngineering\Projekt\PokerLibrary\Rules.cpp(156,11): message : Kein benutzerdefinierter Konvertierungsoperator verfügbar, der diese Konvertierung durchführen kann, oder der Operator kann nicht aufgerufen werden
C:\Program Files (x86)\Windows Kits\10\Include\10.0.18362.0\ucrt\string.h(133,1): message : Siehe Deklaration von "strcpy"
C:\Users\Miriam\Desktop\GitHub\SoftwareEngineering\Projekt\PokerLibrary\Rules.cpp(160,1): error C2664: "bool CheckFlush(std::array,std::array,int,std::string)" : Konvertierung von Argument 1 von "std::array" in "std::array" nicht möglich
C:\Users\Miriam\Desktop\GitHub\SoftwareEngineering\Projekt\PokerLibrary\Rules.cpp(160,22): message : Der Zieltyp besitzt keinen Konstruktor
C:\Users\Miriam\Desktop\GitHub\SoftwareEngineering\Projekt\PokerLibrary\Rules.cpp(64,6): message : Siehe Deklaration von "CheckFlush"
C:\Users\Miriam\Desktop\GitHub\SoftwareEngineering\Projekt\PokerLibrary\Rules.cpp(172,23): error C2065: "CardAndSymbols": nichtdeklarierter Bezeichner
C:\Users\Miriam\Desktop\GitHub\SoftwareEngineering\Projekt\PokerLibrary\Rules.cpp(172,17): error C2923: "std::array": "CardAndSymbols" ist kein gültiges Vorlage-Typargument für den _Ty-Parameter.
C:\Users\Miriam\Desktop\GitHub\SoftwareEngineering\Projekt\PokerLibrary\Rules.cpp(172,69): error C2065: "CardsAndSymbols": nichtdeklarierter Bezeichner
C:\Users\Miriam\Desktop\GitHub\SoftwareEngineering\Projekt\PokerLibrary\Rules.cpp(172,63): error C2923: "std::array": "CardsAndSymbols" ist kein gültiges Vorlage-Typargument für den _Ty-Parameter.
  Code wird generiert...
